#
# There is insufficient memory for the Java Runtime Environment to continue.
# Native memory allocation (malloc) failed to allocate 32744 bytes for Chunk::new
# Possible reasons:
#   The system is out of physical RAM or swap space
#   The process is running with CompressedOops enabled, and the Java Heap may be blocking the growth of the native heap
# Possible solutions:
#   Reduce memory load on the system
#   Increase physical memory or swap space
#   Check if swap backing store is full
#   Decrease Java heap size (-Xmx/-Xms)
#   Decrease number of Java threads
#   Decrease Java thread stack sizes (-Xss)
#   Set larger code cache with -XX:ReservedCodeCacheSize=
#   JVM is running with Zero Based Compressed Oops mode in which the Java heap is
#     placed in the first 32GB address space. The Java Heap base address is the
#     maximum limit for the native heap growth. Please use -XX:HeapBaseMinAddress
#     to set the Java Heap base and to place the Java Heap above 32GB virtual address.
# This output file may be truncated or incomplete.
#
#  Out of Memory Error (arena.cpp:184), pid=1612, tid=9432
#
# JRE version: Java(TM) SE Runtime Environment (19.0.2+7) (build 19.0.2+7-44)
# Java VM: Java HotSpot(TM) 64-Bit Server VM (19.0.2+7-44, mixed mode, sharing, tiered, compressed oops, compressed class ptrs, g1 gc, windows-amd64)
# No core dump will be written. Minidumps are not enabled by default on client versions of Windows
#

---------------  S U M M A R Y ------------

Command Line: -javaagent:C:\Programs\IntelliJ_IDEA\IntelliJ IDEA 2022.1.3\lib\idea_rt.jar=65209:C:\Programs\IntelliJ_IDEA\IntelliJ IDEA 2022.1.3\bin -Dfile.encoding=UTF-8 Database_Connect

Host: Intel(R) Core(TM) i5-3330 CPU @ 3.00GHz, 4 cores, 15G,  Windows 10 , 64 bit Build 17763 (10.0.17763.4377)
Time: Sat Jul 22 17:19:39 2023 RTZ 2 (зима) elapsed time: 7.812334 seconds (0d 0h 0m 7s)

---------------  T H R E A D  ---------------

Current thread (0x0000024f7f0f9c60):  JavaThread "C2 CompilerThread0" daemon [_thread_in_native, id=9432, stack(0x000000eb11200000,0x000000eb11300000)]


Current CompileTask:
C2:   7812  873 % !   4       com.sun.crypto.provider.PBKDF2KeyImpl::deriveKey @ 191 (295 bytes)

Stack: [0x000000eb11200000,0x000000eb11300000]
Native frames: (J=compiled Java code, j=interpreted, Vv=VM code, C=native code)
V  [jvm.dll+0x6ee21a]
V  [jvm.dll+0x85765e]
V  [jvm.dll+0x85904e]
V  [jvm.dll+0x859703]
V  [jvm.dll+0x28298f]
V  [jvm.dll+0xc9adf]
V  [jvm.dll+0xc9e65]
V  [jvm.dll+0x719bc0]
V  [jvm.dll+0x1ee367]
V  [jvm.dll+0x24c52b]
V  [jvm.dll+0x24b781]
V  [jvm.dll+0x1d6ce1]
V  [jvm.dll+0x25b25a]
V  [jvm.dll+0x2596e8]
V  [jvm.dll+0x807588]
V  [jvm.dll+0x80125a]
V  [jvm.dll+0x6ecf0b]
C  [ucrtbase.dll+0x2268a]
C  [KERNEL32.DLL+0x17ac4]
C  [ntdll.dll+0x5a351]


---------------  P R O C E S S  ---------------

Threads class SMR info:
_java_thread_list=0x0000024f2335aaf0, length=13, elements={
0x0000024f7b41f650, 0x0000024f7f0f3930, 0x0000024f7f0f46c0, 0x0000024f7f0f6460,
0x0000024f7f0f7da0, 0x0000024f7f0f86d0, 0x0000024f7f0f9000, 0x0000024f7f0f9c60,
0x0000024f22c186d0, 0x0000024f7f14ca20, 0x0000024f7f0c41a0, 0x0000024f22e580e0,
0x0000024f22da78a0
}

Java Threads: ( => current thread )
  0x0000024f7b41f650 JavaThread "main" [_thread_in_vm, id=9656, stack(0x000000eb10400000,0x000000eb10500000)]
  0x0000024f7f0f3930 JavaThread "Reference Handler" daemon [_thread_blocked, id=7980, stack(0x000000eb10c00000,0x000000eb10d00000)]
  0x0000024f7f0f46c0 JavaThread "Finalizer" daemon [_thread_blocked, id=8172, stack(0x000000eb10d00000,0x000000eb10e00000)]
  0x0000024f7f0f6460 JavaThread "Signal Dispatcher" daemon [_thread_blocked, id=1308, stack(0x000000eb10e00000,0x000000eb10f00000)]
  0x0000024f7f0f7da0 JavaThread "Attach Listener" daemon [_thread_blocked, id=8388, stack(0x000000eb10f00000,0x000000eb11000000)]
  0x0000024f7f0f86d0 JavaThread "Service Thread" daemon [_thread_blocked, id=2148, stack(0x000000eb11000000,0x000000eb11100000)]
  0x0000024f7f0f9000 JavaThread "Monitor Deflation Thread" daemon [_thread_blocked, id=3176, stack(0x000000eb11100000,0x000000eb11200000)]
=>0x0000024f7f0f9c60 JavaThread "C2 CompilerThread0" daemon [_thread_in_native, id=9432, stack(0x000000eb11200000,0x000000eb11300000)]
  0x0000024f22c186d0 JavaThread "C1 CompilerThread0" daemon [_thread_blocked, id=4972, stack(0x000000eb11300000,0x000000eb11400000)]
  0x0000024f7f14ca20 JavaThread "Sweeper thread" daemon [_thread_blocked, id=3112, stack(0x000000eb11400000,0x000000eb11500000)]
  0x0000024f7f0c41a0 JavaThread "Common-Cleaner" daemon [_thread_blocked, id=3652, stack(0x000000eb11500000,0x000000eb11600000)]
  0x0000024f22e580e0 JavaThread "Monitor Ctrl-Break" daemon [_thread_in_native, id=1196, stack(0x000000eb11600000,0x000000eb11700000)]
  0x0000024f22da78a0 JavaThread "Notification Thread" daemon [_thread_blocked, id=2324, stack(0x000000eb11700000,0x000000eb11800000)]

Other Threads:
  0x0000024f7f0d7a20 VMThread "VM Thread" [stack: 0x000000eb10b00000,0x000000eb10c00000] [id=10220]
  0x0000024f22e58620 WatcherThread "VM Periodic Task Thread" [stack: 0x000000eb11800000,0x000000eb11900000] [id=2864]
  0x0000024f7b48f4d0 WorkerThread "GC Thread#0" [stack: 0x000000eb10600000,0x000000eb10700000] [id=9736]
  0x0000024f7b49f990 ConcurrentGCThread "G1 Main Marker" [stack: 0x000000eb10700000,0x000000eb10800000] [id=7568]
  0x0000024f7b4a1380 WorkerThread "G1 Conc#0" [stack: 0x000000eb10800000,0x000000eb10900000] [id=2284]
  0x0000024f7ef92150 ConcurrentGCThread "G1 Refine#0" [stack: 0x000000eb10900000,0x000000eb10a00000] [id=600]
  0x0000024f7ef92ae0 ConcurrentGCThread "G1 Service" [stack: 0x000000eb10a00000,0x000000eb10b00000] [id=556]

Threads with active compile tasks:
C2 CompilerThread0     7846  873 % !   4       com.sun.crypto.provider.PBKDF2KeyImpl::deriveKey @ 191 (295 bytes)

VM state: not at safepoint (normal execution)

VM Mutex/Monitor currently owned by a thread: None

Heap address: 0x0000000708a00000, size: 3958 MB, Compressed Oops mode: Zero based, Oop shift amount: 3

CDS archive(s) mapped at: [0x0000000800000000-0x0000000800c40000-0x0000000800c40000), size 12845056, SharedBaseAddress: 0x0000000800000000, ArchiveRelocationMode: 0.
Compressed class space mapped at: 0x0000000801000000-0x0000000841000000, reserved size: 1073741824
Narrow klass base: 0x0000000800000000, Narrow klass shift: 0, Narrow klass range: 0x100000000

GC Precious Log:
 CardTable entry size: 512
 Card Set container configuration: InlinePtr #cards 4 size 8 Array Of Cards #cards 16 size 48 Howl #buckets 8 coarsen threshold 3686 Howl Bitmap #cards 512 size 80 coarsen threshold 460 Card regions per heap region 1 cards per card region 4096
 CPUs: 4 total, 4 available
 Memory: 15827M
 Large Page Support: Disabled
 NUMA Support: Disabled
 Compressed Oops: Enabled (Zero based)
 Heap Region Size: 2M
 Heap Min Capacity: 8M
 Heap Initial Capacity: 248M
 Heap Max Capacity: 3958M
 Pre-touch: Disabled
 Parallel Workers: 4
 Concurrent Workers: 1
 Concurrent Refinement Workers: 4
 Periodic GC: Disabled

Heap:
 garbage-first heap   total 253952K, used 10240K [0x0000000708a00000, 0x0000000800000000)
  region size 2048K, 6 young (12288K), 0 survivors (0K)
 Metaspace       used 5088K, committed 5312K, reserved 1114112K
  class space    used 526K, committed 640K, reserved 1048576K

Heap Regions: E=young(eden), S=young(survivor), O=old, HS=humongous(starts), HC=humongous(continues), CS=collection set, F=free, OA=open archive, CA=closed archive, TAMS=top-at-mark-start (previous, next)
|   0|0x0000000708a00000, 0x0000000708a00000, 0x0000000708c00000|  0%| F|  |TAMS 0x0000000708a00000, 0x0000000708a00000| Untracked 
|   1|0x0000000708c00000, 0x0000000708c00000, 0x0000000708e00000|  0%| F|  |TAMS 0x0000000708c00000, 0x0000000708c00000| Untracked 
|   2|0x0000000708e00000, 0x0000000708e00000, 0x0000000709000000|  0%| F|  |TAMS 0x0000000708e00000, 0x0000000708e00000| Untracked 
|   3|0x0000000709000000, 0x0000000709000000, 0x0000000709200000|  0%| F|  |TAMS 0x0000000709000000, 0x0000000709000000| Untracked 
|   4|0x0000000709200000, 0x0000000709200000, 0x0000000709400000|  0%| F|  |TAMS 0x0000000709200000, 0x0000000709200000| Untracked 
|   5|0x0000000709400000, 0x0000000709400000, 0x0000000709600000|  0%| F|  |TAMS 0x0000000709400000, 0x0000000709400000| Untracked 
|   6|0x0000000709600000, 0x0000000709600000, 0x0000000709800000|  0%| F|  |TAMS 0x0000000709600000, 0x0000000709600000| Untracked 
|   7|0x0000000709800000, 0x0000000709800000, 0x0000000709a00000|  0%| F|  |TAMS 0x0000000709800000, 0x0000000709800000| Untracked 
|   8|0x0000000709a00000, 0x0000000709a00000, 0x0000000709c00000|  0%| F|  |TAMS 0x0000000709a00000, 0x0000000709a00000| Untracked 
|   9|0x0000000709c00000, 0x0000000709c00000, 0x0000000709e00000|  0%| F|  |TAMS 0x0000000709c00000, 0x0000000709c00000| Untracked 
|  10|0x0000000709e00000, 0x0000000709e00000, 0x000000070a000000|  0%| F|  |TAMS 0x0000000709e00000, 0x0000000709e00000| Untracked 
|  11|0x000000070a000000, 0x000000070a000000, 0x000000070a200000|  0%| F|  |TAMS 0x000000070a000000, 0x000000070a000000| Untracked 
|  12|0x000000070a200000, 0x000000070a200000, 0x000000070a400000|  0%| F|  |TAMS 0x000000070a200000, 0x000000070a200000| Untracked 
|  13|0x000000070a400000, 0x000000070a400000, 0x000000070a600000|  0%| F|  |TAMS 0x000000070a400000, 0x000000070a400000| Untracked 
|  14|0x000000070a600000, 0x000000070a600000, 0x000000070a800000|  0%| F|  |TAMS 0x000000070a600000, 0x000000070a600000| Untracked 
|  15|0x000000070a800000, 0x000000070a800000, 0x000000070aa00000|  0%| F|  |TAMS 0x000000070a800000, 0x000000070a800000| Untracked 
|  16|0x000000070aa00000, 0x000000070aa00000, 0x000000070ac00000|  0%| F|  |TAMS 0x000000070aa00000, 0x000000070aa00000| Untracked 
|  17|0x000000070ac00000, 0x000000070ac00000, 0x000000070ae00000|  0%| F|  |TAMS 0x000000070ac00000, 0x000000070ac00000| Untracked 
|  18|0x000000070ae00000, 0x000000070ae00000, 0x000000070b000000|  0%| F|  |TAMS 0x000000070ae00000, 0x000000070ae00000| Untracked 
|  19|0x000000070b000000, 0x000000070b000000, 0x000000070b200000|  0%| F|  |TAMS 0x000000070b000000, 0x000000070b000000| Untracked 
|  20|0x000000070b200000, 0x000000070b200000, 0x000000070b400000|  0%| F|  |TAMS 0x000000070b200000, 0x000000070b200000| Untracked 
|  21|0x000000070b400000, 0x000000070b400000, 0x000000070b600000|  0%| F|  |TAMS 0x000000070b400000, 0x000000070b400000| Untracked 
|  22|0x000000070b600000, 0x000000070b600000, 0x000000070b800000|  0%| F|  |TAMS 0x000000070b600000, 0x000000070b600000| Untracked 
|  23|0x000000070b800000, 0x000000070b800000, 0x000000070ba00000|  0%| F|  |TAMS 0x000000070b800000, 0x000000070b800000| Untracked 
|  24|0x000000070ba00000, 0x000000070ba00000, 0x000000070bc00000|  0%| F|  |TAMS 0x000000070ba00000, 0x000000070ba00000| Untracked 
|  25|0x000000070bc00000, 0x000000070bc00000, 0x000000070be00000|  0%| F|  |TAMS 0x000000070bc00000, 0x000000070bc00000| Untracked 
|  26|0x000000070be00000, 0x000000070be00000, 0x000000070c000000|  0%| F|  |TAMS 0x000000070be00000, 0x000000070be00000| Untracked 
|  27|0x000000070c000000, 0x000000070c000000, 0x000000070c200000|  0%| F|  |TAMS 0x000000070c000000, 0x000000070c000000| Untracked 
|  28|0x000000070c200000, 0x000000070c200000, 0x000000070c400000|  0%| F|  |TAMS 0x000000070c200000, 0x000000070c200000| Untracked 
|  29|0x000000070c400000, 0x000000070c400000, 0x000000070c600000|  0%| F|  |TAMS 0x000000070c400000, 0x000000070c400000| Untracked 
|  30|0x000000070c600000, 0x000000070c600000, 0x000000070c800000|  0%| F|  |TAMS 0x000000070c600000, 0x000000070c600000| Untracked 
|  31|0x000000070c800000, 0x000000070c800000, 0x000000070ca00000|  0%| F|  |TAMS 0x000000070c800000, 0x000000070c800000| Untracked 
|  32|0x000000070ca00000, 0x000000070ca00000, 0x000000070cc00000|  0%| F|  |TAMS 0x000000070ca00000, 0x000000070ca00000| Untracked 
|  33|0x000000070cc00000, 0x000000070cc00000, 0x000000070ce00000|  0%| F|  |TAMS 0x000000070cc00000, 0x000000070cc00000| Untracked 
|  34|0x000000070ce00000, 0x000000070ce00000, 0x000000070d000000|  0%| F|  |TAMS 0x000000070ce00000, 0x000000070ce00000| Untracked 
|  35|0x000000070d000000, 0x000000070d000000, 0x000000070d200000|  0%| F|  |TAMS 0x000000070d000000, 0x000000070d000000| Untracked 
|  36|0x000000070d200000, 0x000000070d200000, 0x000000070d400000|  0%| F|  |TAMS 0x000000070d200000, 0x000000070d200000| Untracked 
|  37|0x000000070d400000, 0x000000070d400000, 0x000000070d600000|  0%| F|  |TAMS 0x000000070d400000, 0x000000070d400000| Untracked 
|  38|0x000000070d600000, 0x000000070d600000, 0x000000070d800000|  0%| F|  |TAMS 0x000000070d600000, 0x000000070d600000| Untracked 
|  39|0x000000070d800000, 0x000000070d800000, 0x000000070da00000|  0%| F|  |TAMS 0x000000070d800000, 0x000000070d800000| Untracked 
|  40|0x000000070da00000, 0x000000070da00000, 0x000000070dc00000|  0%| F|  |TAMS 0x000000070da00000, 0x000000070da00000| Untracked 
|  41|0x000000070dc00000, 0x000000070dc00000, 0x000000070de00000|  0%| F|  |TAMS 0x000000070dc00000, 0x000000070dc00000| Untracked 
|  42|0x000000070de00000, 0x000000070de00000, 0x000000070e000000|  0%| F|  |TAMS 0x000000070de00000, 0x000000070de00000| Untracked 
|  43|0x000000070e000000, 0x000000070e000000, 0x000000070e200000|  0%| F|  |TAMS 0x000000070e000000, 0x000000070e000000| Untracked 
|  44|0x000000070e200000, 0x000000070e200000, 0x000000070e400000|  0%| F|  |TAMS 0x000000070e200000, 0x000000070e200000| Untracked 
|  45|0x000000070e400000, 0x000000070e400000, 0x000000070e600000|  0%| F|  |TAMS 0x000000070e400000, 0x000000070e400000| Untracked 
|  46|0x000000070e600000, 0x000000070e600000, 0x000000070e800000|  0%| F|  |TAMS 0x000000070e600000, 0x000000070e600000| Untracked 
|  47|0x000000070e800000, 0x000000070e800000, 0x000000070ea00000|  0%| F|  |TAMS 0x000000070e800000, 0x000000070e800000| Untracked 
|  48|0x000000070ea00000, 0x000000070ea00000, 0x000000070ec00000|  0%| F|  |TAMS 0x000000070ea00000, 0x000000070ea00000| Untracked 
|  49|0x000000070ec00000, 0x000000070ec00000, 0x000000070ee00000|  0%| F|  |TAMS 0x000000070ec00000, 0x000000070ec00000| Untracked 
|  50|0x000000070ee00000, 0x000000070ee00000, 0x000000070f000000|  0%| F|  |TAMS 0x000000070ee00000, 0x000000070ee00000| Untracked 
|  51|0x000000070f000000, 0x000000070f000000, 0x000000070f200000|  0%| F|  |TAMS 0x000000070f000000, 0x000000070f000000| Untracked 
|  52|0x000000070f200000, 0x000000070f200000, 0x000000070f400000|  0%| F|  |TAMS 0x000000070f200000, 0x000000070f200000| Untracked 
|  53|0x000000070f400000, 0x000000070f400000, 0x000000070f600000|  0%| F|  |TAMS 0x000000070f400000, 0x000000070f400000| Untracked 
|  54|0x000000070f600000, 0x000000070f600000, 0x000000070f800000|  0%| F|  |TAMS 0x000000070f600000, 0x000000070f600000| Untracked 
|  55|0x000000070f800000, 0x000000070f800000, 0x000000070fa00000|  0%| F|  |TAMS 0x000000070f800000, 0x000000070f800000| Untracked 
|  56|0x000000070fa00000, 0x000000070fa00000, 0x000000070fc00000|  0%| F|  |TAMS 0x000000070fa00000, 0x000000070fa00000| Untracked 
|  57|0x000000070fc00000, 0x000000070fc00000, 0x000000070fe00000|  0%| F|  |TAMS 0x000000070fc00000, 0x000000070fc00000| Untracked 
|  58|0x000000070fe00000, 0x000000070fe00000, 0x0000000710000000|  0%| F|  |TAMS 0x000000070fe00000, 0x000000070fe00000| Untracked 
|  59|0x0000000710000000, 0x0000000710000000, 0x0000000710200000|  0%| F|  |TAMS 0x0000000710000000, 0x0000000710000000| Untracked 
|  60|0x0000000710200000, 0x0000000710200000, 0x0000000710400000|  0%| F|  |TAMS 0x0000000710200000, 0x0000000710200000| Untracked 
|  61|0x0000000710400000, 0x0000000710400000, 0x0000000710600000|  0%| F|  |TAMS 0x0000000710400000, 0x0000000710400000| Untracked 
|  62|0x0000000710600000, 0x0000000710600000, 0x0000000710800000|  0%| F|  |TAMS 0x0000000710600000, 0x0000000710600000| Untracked 
|  63|0x0000000710800000, 0x0000000710800000, 0x0000000710a00000|  0%| F|  |TAMS 0x0000000710800000, 0x0000000710800000| Untracked 
|  64|0x0000000710a00000, 0x0000000710a00000, 0x0000000710c00000|  0%| F|  |TAMS 0x0000000710a00000, 0x0000000710a00000| Untracked 
|  65|0x0000000710c00000, 0x0000000710c00000, 0x0000000710e00000|  0%| F|  |TAMS 0x0000000710c00000, 0x0000000710c00000| Untracked 
|  66|0x0000000710e00000, 0x0000000710e00000, 0x0000000711000000|  0%| F|  |TAMS 0x0000000710e00000, 0x0000000710e00000| Untracked 
|  67|0x0000000711000000, 0x0000000711000000, 0x0000000711200000|  0%| F|  |TAMS 0x0000000711000000, 0x0000000711000000| Untracked 
|  68|0x0000000711200000, 0x0000000711200000, 0x0000000711400000|  0%| F|  |TAMS 0x0000000711200000, 0x0000000711200000| Untracked 
|  69|0x0000000711400000, 0x0000000711400000, 0x0000000711600000|  0%| F|  |TAMS 0x0000000711400000, 0x0000000711400000| Untracked 
|  70|0x0000000711600000, 0x0000000711600000, 0x0000000711800000|  0%| F|  |TAMS 0x0000000711600000, 0x0000000711600000| Untracked 
|  71|0x0000000711800000, 0x0000000711800000, 0x0000000711a00000|  0%| F|  |TAMS 0x0000000711800000, 0x0000000711800000| Untracked 
|  72|0x0000000711a00000, 0x0000000711a00000, 0x0000000711c00000|  0%| F|  |TAMS 0x0000000711a00000, 0x0000000711a00000| Untracked 
|  73|0x0000000711c00000, 0x0000000711c00000, 0x0000000711e00000|  0%| F|  |TAMS 0x0000000711c00000, 0x0000000711c00000| Untracked 
|  74|0x0000000711e00000, 0x0000000711e00000, 0x0000000712000000|  0%| F|  |TAMS 0x0000000711e00000, 0x0000000711e00000| Untracked 
|  75|0x0000000712000000, 0x0000000712000000, 0x0000000712200000|  0%| F|  |TAMS 0x0000000712000000, 0x0000000712000000| Untracked 
|  76|0x0000000712200000, 0x0000000712200000, 0x0000000712400000|  0%| F|  |TAMS 0x0000000712200000, 0x0000000712200000| Untracked 
|  77|0x0000000712400000, 0x0000000712400000, 0x0000000712600000|  0%| F|  |TAMS 0x0000000712400000, 0x0000000712400000| Untracked 
|  78|0x0000000712600000, 0x0000000712600000, 0x0000000712800000|  0%| F|  |TAMS 0x0000000712600000, 0x0000000712600000| Untracked 
|  79|0x0000000712800000, 0x0000000712800000, 0x0000000712a00000|  0%| F|  |TAMS 0x0000000712800000, 0x0000000712800000| Untracked 
|  80|0x0000000712a00000, 0x0000000712a00000, 0x0000000712c00000|  0%| F|  |TAMS 0x0000000712a00000, 0x0000000712a00000| Untracked 
|  81|0x0000000712c00000, 0x0000000712c00000, 0x0000000712e00000|  0%| F|  |TAMS 0x0000000712c00000, 0x0000000712c00000| Untracked 
|  82|0x0000000712e00000, 0x0000000712e00000, 0x0000000713000000|  0%| F|  |TAMS 0x0000000712e00000, 0x0000000712e00000| Untracked 
|  83|0x0000000713000000, 0x0000000713000000, 0x0000000713200000|  0%| F|  |TAMS 0x0000000713000000, 0x0000000713000000| Untracked 
|  84|0x0000000713200000, 0x0000000713200000, 0x0000000713400000|  0%| F|  |TAMS 0x0000000713200000, 0x0000000713200000| Untracked 
|  85|0x0000000713400000, 0x0000000713400000, 0x0000000713600000|  0%| F|  |TAMS 0x0000000713400000, 0x0000000713400000| Untracked 
|  86|0x0000000713600000, 0x0000000713600000, 0x0000000713800000|  0%| F|  |TAMS 0x0000000713600000, 0x0000000713600000| Untracked 
|  87|0x0000000713800000, 0x0000000713800000, 0x0000000713a00000|  0%| F|  |TAMS 0x0000000713800000, 0x0000000713800000| Untracked 
|  88|0x0000000713a00000, 0x0000000713a00000, 0x0000000713c00000|  0%| F|  |TAMS 0x0000000713a00000, 0x0000000713a00000| Untracked 
|  89|0x0000000713c00000, 0x0000000713c00000, 0x0000000713e00000|  0%| F|  |TAMS 0x0000000713c00000, 0x0000000713c00000| Untracked 
|  90|0x0000000713e00000, 0x0000000713e00000, 0x0000000714000000|  0%| F|  |TAMS 0x0000000713e00000, 0x0000000713e00000| Untracked 
|  91|0x0000000714000000, 0x0000000714000000, 0x0000000714200000|  0%| F|  |TAMS 0x0000000714000000, 0x0000000714000000| Untracked 
|  92|0x0000000714200000, 0x0000000714200000, 0x0000000714400000|  0%| F|  |TAMS 0x0000000714200000, 0x0000000714200000| Untracked 
|  93|0x0000000714400000, 0x0000000714400000, 0x0000000714600000|  0%| F|  |TAMS 0x0000000714400000, 0x0000000714400000| Untracked 
|  94|0x0000000714600000, 0x0000000714600000, 0x0000000714800000|  0%| F|  |TAMS 0x0000000714600000, 0x0000000714600000| Untracked 
|  95|0x0000000714800000, 0x0000000714800000, 0x0000000714a00000|  0%| F|  |TAMS 0x0000000714800000, 0x0000000714800000| Untracked 
|  96|0x0000000714a00000, 0x0000000714a00000, 0x0000000714c00000|  0%| F|  |TAMS 0x0000000714a00000, 0x0000000714a00000| Untracked 
|  97|0x0000000714c00000, 0x0000000714c00000, 0x0000000714e00000|  0%| F|  |TAMS 0x0000000714c00000, 0x0000000714c00000| Untracked 
|  98|0x0000000714e00000, 0x0000000714e00000, 0x0000000715000000|  0%| F|  |TAMS 0x0000000714e00000, 0x0000000714e00000| Untracked 
|  99|0x0000000715000000, 0x0000000715000000, 0x0000000715200000|  0%| F|  |TAMS 0x0000000715000000, 0x0000000715000000| Untracked 
| 100|0x0000000715200000, 0x0000000715200000, 0x0000000715400000|  0%| F|  |TAMS 0x0000000715200000, 0x0000000715200000| Untracked 
| 101|0x0000000715400000, 0x0000000715400000, 0x0000000715600000|  0%| F|  |TAMS 0x0000000715400000, 0x0000000715400000| Untracked 
| 102|0x0000000715600000, 0x0000000715600000, 0x0000000715800000|  0%| F|  |TAMS 0x0000000715600000, 0x0000000715600000| Untracked 
| 103|0x0000000715800000, 0x0000000715800000, 0x0000000715a00000|  0%| F|  |TAMS 0x0000000715800000, 0x0000000715800000| Untracked 
| 104|0x0000000715a00000, 0x0000000715a00000, 0x0000000715c00000|  0%| F|  |TAMS 0x0000000715a00000, 0x0000000715a00000| Untracked 
| 105|0x0000000715c00000, 0x0000000715c00000, 0x0000000715e00000|  0%| F|  |TAMS 0x0000000715c00000, 0x0000000715c00000| Untracked 
| 106|0x0000000715e00000, 0x0000000715e00000, 0x0000000716000000|  0%| F|  |TAMS 0x0000000715e00000, 0x0000000715e00000| Untracked 
| 107|0x0000000716000000, 0x0000000716000000, 0x0000000716200000|  0%| F|  |TAMS 0x0000000716000000, 0x0000000716000000| Untracked 
| 108|0x0000000716200000, 0x0000000716200000, 0x0000000716400000|  0%| F|  |TAMS 0x0000000716200000, 0x0000000716200000| Untracked 
| 109|0x0000000716400000, 0x0000000716400000, 0x0000000716600000|  0%| F|  |TAMS 0x0000000716400000, 0x0000000716400000| Untracked 
| 110|0x0000000716600000, 0x0000000716600000, 0x0000000716800000|  0%| F|  |TAMS 0x0000000716600000, 0x0000000716600000| Untracked 
| 111|0x0000000716800000, 0x0000000716800000, 0x0000000716a00000|  0%| F|  |TAMS 0x0000000716800000, 0x0000000716800000| Untracked 
| 112|0x0000000716a00000, 0x0000000716a00000, 0x0000000716c00000|  0%| F|  |TAMS 0x0000000716a00000, 0x0000000716a00000| Untracked 
| 113|0x0000000716c00000, 0x0000000716c00000, 0x0000000716e00000|  0%| F|  |TAMS 0x0000000716c00000, 0x0000000716c00000| Untracked 
| 114|0x0000000716e00000, 0x0000000716e00000, 0x0000000717000000|  0%| F|  |TAMS 0x0000000716e00000, 0x0000000716e00000| Untracked 
| 115|0x0000000717000000, 0x0000000717000000, 0x0000000717200000|  0%| F|  |TAMS 0x0000000717000000, 0x0000000717000000| Untracked 
| 116|0x0000000717200000, 0x0000000717200000, 0x0000000717400000|  0%| F|  |TAMS 0x0000000717200000, 0x0000000717200000| Untracked 
| 117|0x0000000717400000, 0x0000000717400000, 0x0000000717600000|  0%| F|  |TAMS 0x0000000717400000, 0x0000000717400000| Untracked 
| 118|0x0000000717600000, 0x00000007176c5058, 0x0000000717800000| 38%| E|  |TAMS 0x0000000717600000, 0x0000000717600000| Complete 
| 119|0x0000000717800000, 0x0000000717a00000, 0x0000000717a00000|100%| E|CS|TAMS 0x0000000717800000, 0x0000000717800000| Complete 
| 120|0x0000000717a00000, 0x0000000717c00000, 0x0000000717c00000|100%| E|CS|TAMS 0x0000000717a00000, 0x0000000717a00000| Complete 
| 121|0x0000000717c00000, 0x0000000717e00000, 0x0000000717e00000|100%| E|CS|TAMS 0x0000000717c00000, 0x0000000717c00000| Complete 
| 122|0x0000000717e00000, 0x0000000718000000, 0x0000000718000000|100%| E|CS|TAMS 0x0000000717e00000, 0x0000000717e00000| Complete 
| 123|0x0000000718000000, 0x0000000718200000, 0x0000000718200000|100%| E|CS|TAMS 0x0000000718000000, 0x0000000718000000| Complete 

Card table byte_map: [0x0000024f7bca0000,0x0000024f7c460000] _byte_map_base: 0x0000024f7845b000

Marking Bits (Prev, Next): (CMBitMap*) 0x0000024f7b48f910, (CMBitMap*) 0x0000024f7b48f950
 Prev Bits: [0x0000024f16ea0000, 0x0000024f1ac78000)
 Next Bits: [0x0000024f1ac80000, 0x0000024f1ea58000)

Polling page: 0x0000024f79280000

Metaspace:

Usage:
  Non-class:      4.45 MB used.
      Class:    526.27 KB used.
       Both:      4.97 MB used.

Virtual space:
  Non-class space:       64.00 MB reserved,       4.56 MB (  7%) committed,  1 nodes.
      Class space:        1.00 GB reserved,     640.00 KB ( <1%) committed,  1 nodes.
             Both:        1.06 GB reserved,       5.19 MB ( <1%) committed. 

Chunk freelists:
   Non-Class:  2.78 MB
       Class:  3.42 MB
        Both:  6.20 MB

MaxMetaspaceSize: unlimited
CompressedClassSpaceSize: 1.00 GB
Initial GC threshold: 21.00 MB
Current GC threshold: 21.00 MB
CDS: on
MetaspaceReclaimPolicy: balanced
 - commit_granule_bytes: 65536.
 - commit_granule_words: 8192.
 - virtual_space_node_default_size: 8388608.
 - enlarge_chunks_in_place: 1.
 - new_chunks_are_fully_committed: 0.
 - uncommit_free_chunks: 1.
 - use_allocation_guard: 0.


Internal statistics:

num_allocs_failed_limit: 0.
num_arena_births: 90.
num_arena_deaths: 0.
num_vsnodes_births: 2.
num_vsnodes_deaths: 0.
num_space_committed: 83.
num_space_uncommitted: 0.
num_chunks_returned_to_freelist: 0.
num_chunks_taken_from_freelist: 172.
num_chunk_merges: 0.
num_chunk_splits: 105.
num_chunks_enlarged: 70.
num_inconsistent_stats: 0.

CodeHeap 'non-profiled nmethods': size=120000Kb used=315Kb max_used=315Kb free=119684Kb
 bounds [0x0000024f0f970000, 0x0000024f0fbe0000, 0x0000024f16ea0000]
CodeHeap 'profiled nmethods': size=120000Kb used=1399Kb max_used=1399Kb free=118600Kb
 bounds [0x0000024f07ea0000, 0x0000024f08110000, 0x0000024f0f3d0000]
CodeHeap 'non-nmethods': size=5760Kb used=1253Kb max_used=1266Kb free=4506Kb
 bounds [0x0000024f0f3d0000, 0x0000024f0f640000, 0x0000024f0f970000]
 total_blobs=1390 nmethods=922 adapters=379
 compilation: enabled
              stopped_count=0, restarted_count=0
 full_count=0

Compilation events (20 events):
Event: 7.741 Thread 0x0000024f22c186d0  914       3       jdk.internal.ref.CleanerFactory::cleaner (4 bytes)
Event: 7.741 Thread 0x0000024f22c186d0 nmethod 914 0x0000024f07ffa410 code [0x0000024f07ffa5a0, 0x0000024f07ffa698]
Event: 7.746 Thread 0x0000024f22c186d0  915       3       java.util.zip.CRC32::update (38 bytes)
Event: 7.746 Thread 0x0000024f22c186d0 nmethod 915 0x0000024f07ffa710 code [0x0000024f07ffa900, 0x0000024f07ffad28]
Event: 7.767 Thread 0x0000024f22c186d0  916       3       java.lang.ref.Cleaner::register (25 bytes)
Event: 7.767 Thread 0x0000024f22c186d0 nmethod 916 0x0000024f07ffaf10 code [0x0000024f07ffb100, 0x0000024f07ffb668]
Event: 7.772 Thread 0x0000024f22c186d0  917       3       java.lang.StringBuilder::append (8 bytes)
Event: 7.773 Thread 0x0000024f22c186d0 nmethod 917 0x0000024f07ffb890 code [0x0000024f07ffba40, 0x0000024f07ffbb88]
Event: 7.773 Thread 0x0000024f22c186d0  918       3       java.lang.AbstractStringBuilder::append (55 bytes)
Event: 7.773 Thread 0x0000024f22c186d0 nmethod 918 0x0000024f07ffbc10 code [0x0000024f07ffbe00, 0x0000024f07ffc138]
Event: 7.775 Thread 0x0000024f22c186d0  919   !   3       java.util.WeakHashMap::expungeStaleEntries (139 bytes)
Event: 7.776 Thread 0x0000024f22c186d0 nmethod 919 0x0000024f07ffc290 code [0x0000024f07ffc4a0, 0x0000024f07ffcd68]
Event: 7.777 Thread 0x0000024f22c186d0  920       3       java.lang.invoke.Invokers$Holder::linkToTargetMethod (9 bytes)
Event: 7.777 Thread 0x0000024f22c186d0 nmethod 920 0x0000024f07ffd190 code [0x0000024f07ffd340, 0x0000024f07ffd718]
Event: 7.778 Thread 0x0000024f22c186d0  921       3       java.lang.ref.Reference::refersToImpl (6 bytes)
Event: 7.778 Thread 0x0000024f22c186d0 nmethod 921 0x0000024f07ffd810 code [0x0000024f07ffd9c0, 0x0000024f07ffdb08]
Event: 7.787 Thread 0x0000024f22c186d0  923       1       java.util.logging.Logger::getName (5 bytes)
Event: 7.787 Thread 0x0000024f22c186d0 nmethod 923 0x0000024f0f9bea90 code [0x0000024f0f9bec20, 0x0000024f0f9becf8]
Event: 7.787 Thread 0x0000024f22c186d0  924       3       java.util.ArrayDeque::elementAt (4 bytes)
Event: 7.787 Thread 0x0000024f22c186d0 nmethod 924 0x0000024f07ffdb90 code [0x0000024f07ffdd20, 0x0000024f07ffde38]

GC Heap History (0 events):
No events

Dll operation events (13 events):
Event: 0.007 Loaded shared library C:\Program Files\Java\jdk-19\bin\java.dll
Event: 0.022 Loaded shared library C:\Program Files\Java\jdk-19\bin\jsvml.dll
Event: 0.114 Loaded shared library C:\Program Files\Java\jdk-19\bin\zip.dll
Event: 0.117 Loaded shared library C:\Program Files\Java\jdk-19\bin\instrument.dll
Event: 0.131 Loaded shared library C:\Program Files\Java\jdk-19\bin\net.dll
Event: 0.132 Loaded shared library C:\Program Files\Java\jdk-19\bin\nio.dll
Event: 0.137 Loaded shared library C:\Program Files\Java\jdk-19\bin\zip.dll
Event: 0.156 Loaded shared library C:\Programs\IntelliJ_IDEA\IntelliJ IDEA 2022.1.3\bin\breakgen64.dll
Event: 0.160 Loaded shared library C:\Program Files\Java\jdk-19\bin\jimage.dll
Event: 0.169 Loaded shared library C:\Program Files\Java\jdk-19\bin\extnet.dll
Event: 6.971 Loaded shared library C:\Program Files\Java\jdk-19\bin\management.dll
Event: 6.973 Loaded shared library C:\Program Files\Java\jdk-19\bin\management_ext.dll
Event: 7.234 Loaded shared library C:\Program Files\Java\jdk-19\bin\sunmscapi.dll

Deoptimization events (20 events):
Event: 7.406 Thread 0x0000024f7b41f650 DEOPT PACKING pc=0x0000024f07fcd05c sp=0x000000eb104fe1d0
Event: 7.406 Thread 0x0000024f7b41f650 DEOPT UNPACKING pc=0x0000024f0f437543 sp=0x000000eb104fd658 mode 0
Event: 7.406 Thread 0x0000024f7b41f650 DEOPT PACKING pc=0x0000024f07fcd05c sp=0x000000eb104fe1d0
Event: 7.406 Thread 0x0000024f7b41f650 DEOPT UNPACKING pc=0x0000024f0f437543 sp=0x000000eb104fd658 mode 0
Event: 7.407 Thread 0x0000024f7b41f650 DEOPT PACKING pc=0x0000024f07fcd05c sp=0x000000eb104fe1d0
Event: 7.407 Thread 0x0000024f7b41f650 DEOPT UNPACKING pc=0x0000024f0f437543 sp=0x000000eb104fd658 mode 0
Event: 7.407 Thread 0x0000024f7b41f650 DEOPT PACKING pc=0x0000024f07fcd05c sp=0x000000eb104fe1d0
Event: 7.407 Thread 0x0000024f7b41f650 DEOPT UNPACKING pc=0x0000024f0f437543 sp=0x000000eb104fd658 mode 0
Event: 7.408 Thread 0x0000024f7b41f650 DEOPT PACKING pc=0x0000024f07fcd05c sp=0x000000eb104fe1d0
Event: 7.408 Thread 0x0000024f7b41f650 DEOPT UNPACKING pc=0x0000024f0f437543 sp=0x000000eb104fd658 mode 0
Event: 7.423 Thread 0x0000024f7b41f650 Uncommon trap: trap_request=0xffffff45 fr.pc=0x0000024f0f9b82b8 relative=0x00000000000008f8
Event: 7.423 Thread 0x0000024f7b41f650 Uncommon trap: reason=unstable_if action=reinterpret pc=0x0000024f0f9b82b8 method=sun.security.provider.SHA2.implCompress0([BI)V @ 4 c2
Event: 7.423 Thread 0x0000024f7b41f650 DEOPT PACKING pc=0x0000024f0f9b82b8 sp=0x000000eb104fe2e0
Event: 7.423 Thread 0x0000024f7b41f650 DEOPT UNPACKING pc=0x0000024f0f436da3 sp=0x000000eb104fe210 mode 2
Event: 7.638 Thread 0x0000024f7b41f650 DEOPT PACKING pc=0x0000024f07f565e5 sp=0x000000eb104fa570
Event: 7.638 Thread 0x0000024f7b41f650 DEOPT UNPACKING pc=0x0000024f0f437543 sp=0x000000eb104f99e8 mode 0
Event: 7.784 Thread 0x0000024f7b41f650 Uncommon trap: trap_request=0xffffff45 fr.pc=0x0000024f0f9b2ac8 relative=0x0000000000000388
Event: 7.784 Thread 0x0000024f7b41f650 Uncommon trap: reason=unstable_if action=reinterpret pc=0x0000024f0f9b2ac8 method=java.lang.Integer.parseInt(Ljava/lang/String;I)I @ 119 c2
Event: 7.784 Thread 0x0000024f7b41f650 DEOPT PACKING pc=0x0000024f0f9b2ac8 sp=0x000000eb104fea20
Event: 7.784 Thread 0x0000024f7b41f650 DEOPT UNPACKING pc=0x0000024f0f436da3 sp=0x000000eb104fe988 mode 2

Classes loaded (20 events):
Event: 7.326 Loading class com/sun/crypto/provider/PBKDF2KeyImpl$1
Event: 7.326 Loading class com/sun/crypto/provider/PBKDF2KeyImpl$1 done
Event: 7.419 Loading class javax/crypto/spec/SecretKeySpec
Event: 7.419 Loading class javax/crypto/spec/SecretKeySpec done
Event: 7.419 Loading class jdk/internal/access/JavaxCryptoSpecAccess
Event: 7.420 Loading class jdk/internal/access/JavaxCryptoSpecAccess done
Event: 7.753 Loading class java/lang/UnsupportedOperationException
Event: 7.753 Loading class java/lang/UnsupportedOperationException done
Event: 7.768 Loading class java/util/concurrent/atomic/AtomicReferenceFieldUpdater
Event: 7.768 Loading class java/util/concurrent/atomic/AtomicReferenceFieldUpdater done
Event: 7.768 Loading class java/util/concurrent/atomic/AtomicReferenceFieldUpdater$AtomicReferenceFieldUpdaterImpl
Event: 7.768 Loading class java/util/concurrent/atomic/AtomicReferenceFieldUpdater$AtomicReferenceFieldUpdaterImpl done
Event: 7.768 Loading class java/util/concurrent/atomic/AtomicReferenceFieldUpdater$AtomicReferenceFieldUpdaterImpl$1
Event: 7.768 Loading class java/util/concurrent/atomic/AtomicReferenceFieldUpdater$AtomicReferenceFieldUpdaterImpl$1 done
Event: 7.768 Loading class sun/reflect/misc/ReflectUtil
Event: 7.768 Loading class sun/reflect/misc/ReflectUtil done
Event: 7.771 Loading class java/lang/NoSuchFieldError
Event: 7.771 Loading class java/lang/NoSuchFieldError done
Event: 7.780 Loading class java/util/concurrent/atomic/AtomicBoolean
Event: 7.780 Loading class java/util/concurrent/atomic/AtomicBoolean done

Classes unloaded (0 events):
No events

Classes redefined (0 events):
No events

Internal exceptions (20 events):
Event: 0.152 Thread 0x0000024f7b41f650 Exception <a 'java/lang/NoSuchMethodError'{0x0000000717e5aa18}: 'java.lang.Object java.lang.invoke.Invokers$Holder.invokeExact_MT(java.lang.Object, java.lang.Object, java.lang.Object, java.lang.Object, java.lang.Object)'> (0x0000000717e5aa18) 
thrown [s\open\src\hotspot\share\interpreter\linkResolver.cpp, line 774]
Event: 0.170 Thread 0x0000024f22e580e0 Exception <a 'java/lang/NoSuchMethodError'{0x0000000717e84de8}: 'void java.lang.invoke.DirectMethodHandle$Holder.invokeStatic(java.lang.Object, java.lang.Object)'> (0x0000000717e84de8) 
thrown [s\open\src\hotspot\share\interpreter\linkResolver.cpp, line 774]
Event: 0.970 Thread 0x0000024f7f0f7da0 Exception <a 'java/lang/NoSuchMethodError'{0x0000000717c9f4e8}: 'java.lang.Object java.lang.invoke.Invokers$Holder.invokeExact_MT(java.lang.Object, java.lang.Object, java.lang.Object, java.lang.Object, java.lang.Object, java.lang.Object)'> (0x0000000717c9f4e8) 
thrown [s\open\src\hotspot\share\interpreter\linkResolver.cpp, line 774]
Event: 6.801 Thread 0x0000024f7b41f650 Exception <a 'java/lang/NoSuchMethodError'{0x0000000717d3c648}: method resolution failed> (0x0000000717d3c648) 
thrown [s\open\src\hotspot\share\prims\methodHandles.cpp, line 1268]
Event: 6.802 Thread 0x0000024f7b41f650 Exception <a 'java/lang/NoSuchMethodError'{0x0000000717d418e0}: 'java.lang.Object java.lang.invoke.DirectMethodHandle$Holder.invokeStatic(java.lang.Object, java.lang.Object, int)'> (0x0000000717d418e0) 
thrown [s\open\src\hotspot\share\interpreter\linkResolver.cpp, line 774]
Event: 6.803 Thread 0x0000024f7b41f650 Exception <a 'java/lang/NoSuchMethodError'{0x0000000717d4d608}: 'void java.lang.invoke.DelegatingMethodHandle$Holder.delegate(java.lang.Object, java.lang.Object, int, java.lang.Object)'> (0x0000000717d4d608) 
thrown [s\open\src\hotspot\share\interpreter\linkResolver.cpp, line 774]
Event: 6.804 Thread 0x0000024f7b41f650 Exception <a 'java/lang/NoSuchMethodError'{0x0000000717d513a8}: 'int java.lang.invoke.DirectMethodHandle$Holder.invokeSpecial(java.lang.Object, java.lang.Object, java.lang.Object)'> (0x0000000717d513a8) 
thrown [s\open\src\hotspot\share\interpreter\linkResolver.cpp, line 774]
Event: 6.812 Thread 0x0000024f7b41f650 Exception <a 'java/lang/NoSuchMethodError'{0x0000000717d7f190}: 'java.lang.Object java.lang.invoke.DirectMethodHandle$Holder.invokeVirtual(java.lang.Object, java.lang.Object, java.lang.Object, java.lang.Object)'> (0x0000000717d7f190) 
thrown [s\open\src\hotspot\share\interpreter\linkResolver.cpp, line 774]
Event: 6.813 Thread 0x0000024f7b41f650 Exception <a 'java/lang/NoSuchMethodError'{0x0000000717d87738}: 'void java.lang.invoke.DirectMethodHandle$Holder.invokeStatic(java.lang.Object, java.lang.Object, java.lang.Object, java.lang.Object)'> (0x0000000717d87738) 
thrown [s\open\src\hotspot\share\interpreter\linkResolver.cpp, line 774]
Event: 6.838 Thread 0x0000024f7b41f650 Exception <a 'java/lang/NoSuchMethodError'{0x0000000717dd7840}: 'int java.lang.invoke.DirectMethodHandle$Holder.invokeStaticInit(java.lang.Object, java.lang.Object, java.lang.Object, java.lang.Object)'> (0x0000000717dd7840) 
thrown [s\open\src\hotspot\share\interpreter\linkResolver.cpp, line 774]
Event: 6.839 Thread 0x0000024f7b41f650 Exception <a 'java/lang/NoSuchMethodError'{0x0000000717de0df8}: 'java.lang.Object java.lang.invoke.DirectMethodHandle$Holder.invokeInterface(java.lang.Object, java.lang.Object)'> (0x0000000717de0df8) 
thrown [s\open\src\hotspot\share\interpreter\linkResolver.cpp, line 774]
Event: 6.839 Thread 0x0000024f7b41f650 Exception <a 'java/lang/IncompatibleClassChangeError'{0x0000000717de4348}: Found class java.lang.Object, but interface was expected> (0x0000000717de4348) 
thrown [s\open\src\hotspot\share\interpreter\linkResolver.cpp, line 841]
Event: 6.840 Thread 0x0000024f7b41f650 Exception <a 'java/lang/NoSuchMethodError'{0x0000000717de7040}: 'void java.lang.invoke.DirectMethodHandle$Holder.invokeStaticInit(java.lang.Object, java.lang.Object)'> (0x0000000717de7040) 
thrown [s\open\src\hotspot\share\interpreter\linkResolver.cpp, line 774]
Event: 6.841 Thread 0x0000024f7b41f650 Exception <a 'java/lang/NoSuchMethodError'{0x0000000717decd78}: 'int java.lang.invoke.DirectMethodHandle$Holder.invokeStaticInit(java.lang.Object, java.lang.Object)'> (0x0000000717decd78) 
thrown [s\open\src\hotspot\share\interpreter\linkResolver.cpp, line 774]
Event: 6.931 Thread 0x0000024f7b41f650 Exception <a 'java/lang/NoSuchMethodError'{0x0000000717aa67a8}: 'java.lang.Object java.lang.invoke.DirectMethodHandle$Holder.invokeStaticInit(java.lang.Object)'> (0x0000000717aa67a8) 
thrown [s\open\src\hotspot\share\interpreter\linkResolver.cpp, line 774]
Event: 7.046 Thread 0x0000024f7b41f650 Exception <a 'java/lang/NoSuchMethodError'{0x0000000717b6ac58}: 'java.lang.Object java.lang.invoke.DirectMethodHandle$Holder.invokeStaticInit(java.lang.Object, int, int, int, int)'> (0x0000000717b6ac58) 
thrown [s\open\src\hotspot\share\interpreter\linkResolver.cpp, line 774]
Event: 7.172 Thread 0x0000024f7b41f650 Exception <a 'java/lang/NoSuchMethodError'{0x0000000717b9cca0}: 'java.lang.Object java.lang.invoke.DirectMethodHandle$Holder.invokeStaticInit(java.lang.Object, java.lang.Object, int, int, int, int)'> (0x0000000717b9cca0) 
thrown [s\open\src\hotspot\share\interpreter\linkResolver.cpp, line 774]
Event: 7.302 Thread 0x0000024f7b41f650 Exception <a 'sun/nio/fs/WindowsException'{0x0000000717917050}> (0x0000000717917050) 
thrown [s\open\src\hotspot\share\prims\jni.cpp, line 517]
Event: 7.420 Thread 0x0000024f7b41f650 Exception <a 'java/lang/NoSuchMethodError'{0x0000000717965790}: 'void java.lang.invoke.DirectMethodHandle$Holder.invokeVirtual(java.lang.Object, java.lang.Object)'> (0x0000000717965790) 
thrown [s\open\src\hotspot\share\interpreter\linkResolver.cpp, line 774]
Event: 7.423 Thread 0x0000024f7b41f650 Implicit null exception at 0x0000024f0f9b79f3 to 0x0000024f0f9b829c

VM Operations (18 events):
Event: 0.095 Executing VM operation: HandshakeAllThreads
Event: 0.095 Executing VM operation: HandshakeAllThreads done
Event: 0.162 Executing VM operation: HandshakeAllThreads
Event: 0.162 Executing VM operation: HandshakeAllThreads done
Event: 1.163 Executing VM operation: Cleanup
Event: 1.163 Executing VM operation: Cleanup done
Event: 3.164 Executing VM operation: Cleanup
Event: 3.164 Executing VM operation: Cleanup done
Event: 7.008 Executing VM operation: HandshakeAllThreads
Event: 7.008 Executing VM operation: HandshakeAllThreads done
Event: 7.008 Executing VM operation: Cleanup
Event: 7.008 Executing VM operation: Cleanup done
Event: 7.029 Executing VM operation: HandshakeAllThreads
Event: 7.029 Executing VM operation: HandshakeAllThreads done
Event: 7.766 Executing VM operation: HandshakeAllThreads
Event: 7.766 Executing VM operation: HandshakeAllThreads done
Event: 7.766 Executing VM operation: HandshakeAllThreads
Event: 7.766 Executing VM operation: HandshakeAllThreads done

Events (17 events):
Event: 0.022 Thread 0x0000024f7b41f650 Thread added: 0x0000024f7b41f650
Event: 0.047 Thread 0x0000024f7f0f3930 Thread added: 0x0000024f7f0f3930
Event: 0.048 Thread 0x0000024f7f0f46c0 Thread added: 0x0000024f7f0f46c0
Event: 0.048 Thread 0x0000024f7f0f6460 Thread added: 0x0000024f7f0f6460
Event: 0.048 Thread 0x0000024f7f0f7da0 Thread added: 0x0000024f7f0f7da0
Event: 0.048 Thread 0x0000024f7f0f86d0 Thread added: 0x0000024f7f0f86d0
Event: 0.048 Thread 0x0000024f7f0f9000 Thread added: 0x0000024f7f0f9000
Event: 0.048 Thread 0x0000024f7f0f9c60 Thread added: 0x0000024f7f0f9c60
Event: 0.054 Thread 0x0000024f22c186d0 Thread added: 0x0000024f22c186d0
Event: 0.054 Thread 0x0000024f7f14ca20 Thread added: 0x0000024f7f14ca20
Event: 0.086 Thread 0x0000024f7f0c41a0 Thread added: 0x0000024f7f0c41a0
Event: 0.156 Thread 0x0000024f22e580e0 Thread added: 0x0000024f22e580e0
Event: 0.156 Thread 0x0000024f22da78a0 Thread added: 0x0000024f22da78a0
Event: 0.960 Thread 0x0000024f22e8ae10 Thread added: 0x0000024f22e8ae10
Event: 3.062 Thread 0x0000024f22e8ae10 Thread exited: 0x0000024f22e8ae10
Event: 7.420 Thread 0x0000024f22ffe000 Thread added: 0x0000024f22ffe000
Event: 7.767 Thread 0x0000024f22ffe000 Thread exited: 0x0000024f22ffe000


Dynamic libraries:
0x00007ff6e0360000 - 0x00007ff6e0370000 	C:\Program Files\Java\jdk-19\bin\java.exe
0x00007fff0a860000 - 0x00007fff0aa4f000 	C:\Windows\SYSTEM32\ntdll.dll
0x00007fff09e80000 - 0x00007fff09f33000 	C:\Windows\System32\KERNEL32.DLL
0x00007fff074a0000 - 0x00007fff0773d000 	C:\Windows\System32\KERNELBASE.dll
0x00007fff07740000 - 0x00007fff0783a000 	C:\Windows\System32\ucrtbase.dll
0x00007ffef7910000 - 0x00007ffef7928000 	C:\Program Files\Java\jdk-19\bin\jli.dll
0x00007fff0a280000 - 0x00007fff0a327000 	C:\Windows\System32\ADVAPI32.dll
0x00007fff07d80000 - 0x00007fff07e1e000 	C:\Windows\System32\msvcrt.dll
0x00007fff07e20000 - 0x00007fff07ebf000 	C:\Windows\System32\sechost.dll
0x00007fff09f40000 - 0x00007fff0a05e000 	C:\Windows\System32\RPCRT4.dll
0x00007fff07ec0000 - 0x00007fff08058000 	C:\Windows\System32\USER32.dll
0x00007fff06920000 - 0x00007fff06940000 	C:\Windows\System32\win32u.dll
0x00007fff08300000 - 0x00007fff08329000 	C:\Windows\System32\GDI32.dll
0x00007fff069d0000 - 0x00007fff06b76000 	C:\Windows\System32\gdi32full.dll
0x00007fff06c30000 - 0x00007fff06cd0000 	C:\Windows\System32\msvcp_win.dll
0x00007ffee7b30000 - 0x00007ffee7b4b000 	C:\Program Files\Java\jdk-19\bin\VCRUNTIME140.dll
0x00007ffef53e0000 - 0x00007ffef5659000 	C:\Windows\WinSxS\amd64_microsoft.windows.common-controls_6595b64144ccf1df_6.0.17763.4645_none_de717694534b1c4f\COMCTL32.dll
0x00007fff09a40000 - 0x00007fff09d6b000 	C:\Windows\System32\combase.dll
0x00007fff06940000 - 0x00007fff069c2000 	C:\Windows\System32\bcryptPrimitives.dll
0x00007fff01300000 - 0x00007fff0130a000 	C:\Windows\SYSTEM32\VERSION.dll
0x00007fff09a10000 - 0x00007fff09a3e000 	C:\Windows\System32\IMM32.DLL
0x00007ffef78f0000 - 0x00007ffef78fc000 	C:\Program Files\Java\jdk-19\bin\vcruntime140_1.dll
0x00007ffee7650000 - 0x00007ffee76de000 	C:\Program Files\Java\jdk-19\bin\msvcp140.dll
0x00007ffed6660000 - 0x00007ffed7320000 	C:\Program Files\Java\jdk-19\bin\server\jvm.dll
0x00007ffef0750000 - 0x00007ffef0759000 	C:\Windows\SYSTEM32\WSOCK32.dll
0x00007fff0a0e0000 - 0x00007fff0a14d000 	C:\Windows\System32\WS2_32.dll
0x00007fff04580000 - 0x00007fff045a4000 	C:\Windows\SYSTEM32\WINMM.dll
0x00007fff04520000 - 0x00007fff0454d000 	C:\Windows\SYSTEM32\WINMMBASE.dll
0x00007fff07840000 - 0x00007fff0788a000 	C:\Windows\System32\cfgmgr32.dll
0x00007fff068b0000 - 0x00007fff068c1000 	C:\Windows\System32\kernel.appcore.dll
0x00007ffef7870000 - 0x00007ffef787a000 	C:\Program Files\Java\jdk-19\bin\jimage.dll
0x00007ffef3240000 - 0x00007ffef342d000 	C:\Windows\SYSTEM32\DBGHELP.DLL
0x00007ffee69e0000 - 0x00007ffee6a0a000 	C:\Windows\SYSTEM32\dbgcore.DLL
0x00007ffef01c0000 - 0x00007ffef01ce000 	C:\Program Files\Java\jdk-19\bin\instrument.dll
0x00007ffee7620000 - 0x00007ffee7646000 	C:\Program Files\Java\jdk-19\bin\java.dll
0x00007ffee7540000 - 0x00007ffee7617000 	C:\Program Files\Java\jdk-19\bin\jsvml.dll
0x00007fff08340000 - 0x00007fff09838000 	C:\Windows\System32\SHELL32.dll
0x00007fff09dd0000 - 0x00007fff09e77000 	C:\Windows\System32\shcore.dll
0x00007fff06d50000 - 0x00007fff07497000 	C:\Windows\System32\windows.storage.dll
0x00007fff068d0000 - 0x00007fff068f3000 	C:\Windows\System32\profapi.dll
0x00007fff06850000 - 0x00007fff068ad000 	C:\Windows\System32\powrprof.dll
0x00007fff0a160000 - 0x00007fff0a1b2000 	C:\Windows\System32\shlwapi.dll
0x00007fff06cd0000 - 0x00007fff06ceb000 	C:\Windows\System32\cryptsp.dll
0x00007ffee7b10000 - 0x00007ffee7b28000 	C:\Program Files\Java\jdk-19\bin\zip.dll
0x00007ffee7520000 - 0x00007ffee7533000 	C:\Program Files\Java\jdk-19\bin\net.dll
0x00007fff01f30000 - 0x00007fff0202d000 	C:\Windows\SYSTEM32\WINHTTP.dll
0x00007fff060a0000 - 0x00007fff06107000 	C:\Windows\system32\mswsock.dll
0x00007ffee6f90000 - 0x00007ffee6fa6000 	C:\Program Files\Java\jdk-19\bin\nio.dll
0x00007ffee6160000 - 0x00007ffee617a000 	C:\Programs\IntelliJ_IDEA\IntelliJ IDEA 2022.1.3\bin\breakgen64.dll
0x00007ffef0040000 - 0x00007ffef0048000 	C:\Program Files\Java\jdk-19\bin\extnet.dll
0x00007fff05df0000 - 0x00007fff05eb6000 	C:\Windows\SYSTEM32\DNSAPI.dll
0x00007fff0a150000 - 0x00007fff0a158000 	C:\Windows\System32\NSI.dll
0x00007fff05db0000 - 0x00007fff05ded000 	C:\Windows\SYSTEM32\IPHLPAPI.DLL
0x00007ffeff9e0000 - 0x00007ffeff9ea000 	C:\Windows\System32\rasadhlp.dll
0x00007ffeff350000 - 0x00007ffeff3c9000 	C:\Windows\System32\fwpuclnt.dll
0x00007fff07890000 - 0x00007fff078b6000 	C:\Windows\System32\bcrypt.dll
0x00007ffee8310000 - 0x00007ffee831a000 	C:\Program Files\Java\jdk-19\bin\management.dll
0x00007ffee7fa0000 - 0x00007ffee7fab000 	C:\Program Files\Java\jdk-19\bin\management_ext.dll
0x00007fff08330000 - 0x00007fff08338000 	C:\Windows\System32\PSAPI.DLL
0x00007fff05c20000 - 0x00007fff05c53000 	C:\Windows\system32\rsaenh.dll
0x00007fff06780000 - 0x00007fff067a9000 	C:\Windows\SYSTEM32\USERENV.dll
0x00007fff06270000 - 0x00007fff0627c000 	C:\Windows\SYSTEM32\CRYPTBASE.dll
0x00007fff00bd0000 - 0x00007fff00be6000 	C:\Windows\SYSTEM32\dhcpcsvc6.DLL
0x00007fff00f90000 - 0x00007fff00fac000 	C:\Windows\SYSTEM32\dhcpcsvc.DLL
0x00007ffee7ed0000 - 0x00007ffee7ede000 	C:\Program Files\Java\jdk-19\bin\sunmscapi.dll
0x00007fff078c0000 - 0x00007fff07abb000 	C:\Windows\System32\CRYPT32.dll
0x00007fff06900000 - 0x00007fff06912000 	C:\Windows\System32\MSASN1.dll
0x00007fff06370000 - 0x00007fff0639c000 	C:\Windows\SYSTEM32\ncrypt.dll
0x00007fff06330000 - 0x00007fff0636c000 	C:\Windows\SYSTEM32\NTASN1.dll

dbghelp: loaded successfully - version: 4.0.5 - missing functions: none
symbol engine: initialized successfully - sym options: 0x614 - pdb path: .;C:\Program Files\Java\jdk-19\bin;C:\Windows\SYSTEM32;C:\Windows\WinSxS\amd64_microsoft.windows.common-controls_6595b64144ccf1df_6.0.17763.4645_none_de717694534b1c4f;C:\Program Files\Java\jdk-19\bin\server;C:\Programs\IntelliJ_IDEA\IntelliJ IDEA 2022.1.3\bin

VM Arguments:
jvm_args: -javaagent:C:\Programs\IntelliJ_IDEA\IntelliJ IDEA 2022.1.3\lib\idea_rt.jar=65209:C:\Programs\IntelliJ_IDEA\IntelliJ IDEA 2022.1.3\bin -Dfile.encoding=UTF-8 
java_command: Database_Connect
java_class_path (initial): C:\Users\Andry\Desktop\Case\java_code\SQL_request\out\production\SQL_request;C:\Users\Andry\Desktop\Case\java_code\SQL_request\lib\postgresql-42.6.0.jar
Launcher Type: SUN_STANDARD

[Global flags]
     intx CICompilerCount                          = 3                                         {product} {ergonomic}
     uint ConcGCThreads                            = 1                                         {product} {ergonomic}
     uint G1ConcRefinementThreads                  = 4                                         {product} {ergonomic}
   size_t G1HeapRegionSize                         = 2097152                                   {product} {ergonomic}
    uintx GCDrainStackTargetSize                   = 64                                        {product} {ergonomic}
   size_t InitialHeapSize                          = 260046848                                 {product} {ergonomic}
   size_t MarkStackSize                            = 4194304                                   {product} {ergonomic}
   size_t MaxHeapSize                              = 4150263808                                {product} {ergonomic}
   size_t MaxNewSize                               = 2489319424                                {product} {ergonomic}
   size_t MinHeapDeltaBytes                        = 2097152                                   {product} {ergonomic}
   size_t MinHeapSize                              = 8388608                                   {product} {ergonomic}
    uintx NonNMethodCodeHeapSize                   = 5832780                                {pd product} {ergonomic}
    uintx NonProfiledCodeHeapSize                  = 122912730                              {pd product} {ergonomic}
    uintx ProfiledCodeHeapSize                     = 122912730                              {pd product} {ergonomic}
    uintx ReservedCodeCacheSize                    = 251658240                              {pd product} {ergonomic}
     bool SegmentedCodeCache                       = true                                      {product} {ergonomic}
   size_t SoftMaxHeapSize                          = 4150263808                             {manageable} {ergonomic}
     bool UseCompressedClassPointers               = true                           {product lp64_product} {ergonomic}
     bool UseCompressedOops                        = true                           {product lp64_product} {ergonomic}
     bool UseG1GC                                  = true                                      {product} {ergonomic}
     bool UseLargePagesIndividualAllocation        = false                                  {pd product} {ergonomic}

Logging:
Log output configuration:
 #0: stdout all=warning uptime,level,tags foldmultilines=false
 #1: stderr all=off uptime,level,tags foldmultilines=false

Environment Variables:
PATH=C:\Program Files (x86)\Razer Chroma SDK\bin;C:\Program Files\Razer Chroma SDK\bin;C:\Program Files\Common Files\Oracle\Java\javapath;C:\Program Files (x86)\Common Files\Oracle\Java\javapath;C:\Program Files (x86)\Razer\ChromaBroadcast\bin;C:\Program Files\Razer\ChromaBroadcast\bin;C:\Program Files (x86)\Common Files\Intel\Shared Libraries\redist\intel64\compiler;C:\Windows\system32;C:\Windows;C:\Windows\System32\Wbem;C:\Windows\System32\WindowsPowerShell\v1.0\;C:\Windows\System32\OpenSSH\;C:\Program Files (x86)\NVIDIA Corporation\PhysX\Common;C:\Program Files\NVIDIA Corporation\NVIDIA NvDLISR;C:\Program Files\dotnet\;C:\Program Files (x86)\Common Files\Acronis\SnapAPI\;C:\Users\Andry\AppData\Local\Microsoft\WindowsApps;C:\Users\Andry\.dotnet\tools;C:\MinGW\bin;C:\Program Files\Microsoft SQL Server\130\Tools\Binn\;C:\Program Files\Microsoft SQL Server\Client SDK\ODBC\170\Tools\Binn\;C:\Users\Andry\AppData\Local\GitHubDesktop\bin;C:\Program Files\Common Files\Autodesk Shared\;C:\Program Files\PostgreSQL\14\bin;C:\Users\Andry\AppData\Local\Programs\Python\Python311\Scripts\;C:\Users\Andry\AppData\Local\Programs\Python\Python311\;C:\Users\Andry\AppData\Local\Microsoft\WindowsApps;C:\Programs\IntelliJ IDEA\IntelliJ IDEA 2022.1.3\bin;;C:\MinGW\bin;C:\Programs\VSCodium\bin;C:\Programs\Microsoft VS Code\addones;C:\Programs\GnuWin32\bin;C:\Programs\Microsoft VS Code\bin;
USERNAME=Andry
OS=Windows_NT
PROCESSOR_IDENTIFIER=Intel64 Family 6 Model 58 Stepping 9, GenuineIntel
TMP=C:\Temp
TEMP=C:\Temp



---------------  S Y S T E M  ---------------

OS:
 Windows 10 , 64 bit Build 17763 (10.0.17763.4377)
OS uptime: 0 days 20:06 hours

CPU: total 4 (initial active 4) (4 cores per cpu, 1 threads per core) family 6 model 58 stepping 9 microcode 0x21, cx8, cmov, fxsr, mmx, sse, sse2, sse3, ssse3, sse4.1, sse4.2, popcnt, tsc, tscinvbit, avx, aes, erms, clmul, vzeroupper, clflush, rdtscp

Memory: 4k page, system-wide physical 15827M (1005M free)
TotalPageFile size 24019M (AvailPageFile size 3M)
current process WorkingSet (physical memory assigned to process): 77M, peak: 77M
current process commit charge ("private bytes"): 358M, peak: 358M

vm_info: Java HotSpot(TM) 64-Bit Server VM (19.0.2+7-44) for windows-amd64 JRE (19.0.2+7-44), built on 2022-11-30T18:02:09Z by "mach5one" with MS VC++ 17.1 (VS2022)

END.
